Performing C++ SOURCE FILE Test LTO_WORKS failed with the following output:
Change Dir: /divers/AndroidStudio/workspace/GpsFictionProjects/osrm-backend-release/CMakeFiles/CMakeTmp

Run Build Command:"/usr/bin/make" "cmTryCompileExec4048881853/fast"
/usr/bin/make -f CMakeFiles/cmTryCompileExec4048881853.dir/build.make CMakeFiles/cmTryCompileExec4048881853.dir/build
make[1]: entrant dans le répertoire « /divers/AndroidStudio/workspace/GpsFictionProjects/osrm-backend-release/CMakeFiles/CMakeTmp »
/usr/bin/cmake -E cmake_progress_report /divers/AndroidStudio/workspace/GpsFictionProjects/osrm-backend-release/CMakeFiles/CMakeTmp/CMakeFiles 1
Building CXX object CMakeFiles/cmTryCompileExec4048881853.dir/src.cxx.o
/usr/bin/c++    -DLTO_WORKS   -o CMakeFiles/cmTryCompileExec4048881853.dir/src.cxx.o -c /divers/AndroidStudio/workspace/GpsFictionProjects/osrm-backend-release/CMakeFiles/CMakeTmp/src.cxx
Linking CXX executable cmTryCompileExec4048881853
/usr/bin/cmake -E cmake_link_script CMakeFiles/cmTryCompileExec4048881853.dir/link.txt --verbose=1
/usr/bin/c++    -DLTO_WORKS    CMakeFiles/cmTryCompileExec4048881853.dir/src.cxx.o  -o cmTryCompileExec4048881853 -rdynamic 
/usr/bin/ld: /usr/lib/debug/usr/lib/x86_64-linux-gnu/crt1.o(.debug_info): réadressage 0 a un index de symbole 11 invalide
/usr/bin/ld: /usr/lib/debug/usr/lib/x86_64-linux-gnu/crt1.o(.debug_info): réadressage 1 a un index de symbole 12 invalide
/usr/bin/ld: /usr/lib/debug/usr/lib/x86_64-linux-gnu/crt1.o(.debug_info): réadressage 2 a un index de symbole 2 invalide
/usr/bin/ld: /usr/lib/debug/usr/lib/x86_64-linux-gnu/crt1.o(.debug_info): réadressage 3 a un index de symbole 2 invalide
/usr/bin/ld: /usr/lib/debug/usr/lib/x86_64-linux-gnu/crt1.o(.debug_info): réadressage 4 a un index de symbole 11 invalide
/usr/bin/ld: /usr/lib/debug/usr/lib/x86_64-linux-gnu/crt1.o(.debug_info): réadressage 5 a un index de symbole 13 invalide
/usr/bin/ld: /usr/lib/debug/usr/lib/x86_64-linux-gnu/crt1.o(.debug_info): réadressage 6 a un index de symbole 13 invalide
/usr/bin/ld: /usr/lib/debug/usr/lib/x86_64-linux-gnu/crt1.o(.debug_info): réadressage 7 a un index de symbole 13 invalide
/usr/bin/ld: /usr/lib/debug/usr/lib/x86_64-linux-gnu/crt1.o(.debug_info): réadressage 8 a un index de symbole 12 invalide
/usr/bin/ld: /usr/lib/debug/usr/lib/x86_64-linux-gnu/crt1.o(.debug_info): réadressage 9 a un index de symbole 13 invalide
/usr/bin/ld: /usr/lib/debug/usr/lib/x86_64-linux-gnu/crt1.o(.debug_info): réadressage 10 a un index de symbole 13 invalide
/usr/bin/ld: /usr/lib/debug/usr/lib/x86_64-linux-gnu/crt1.o(.debug_info): réadressage 11 a un index de symbole 13 invalide
/usr/bin/ld: /usr/lib/debug/usr/lib/x86_64-linux-gnu/crt1.o(.debug_info): réadressage 12 a un index de symbole 13 invalide
/usr/bin/ld: /usr/lib/debug/usr/lib/x86_64-linux-gnu/crt1.o(.debug_info): réadressage 13 a un index de symbole 13 invalide
/usr/bin/ld: /usr/lib/debug/usr/lib/x86_64-linux-gnu/crt1.o(.debug_info): réadressage 14 a un index de symbole 13 invalide
/usr/bin/ld: /usr/lib/debug/usr/lib/x86_64-linux-gnu/crt1.o(.debug_info): réadressage 15 a un index de symbole 13 invalide
/usr/bin/ld: /usr/lib/debug/usr/lib/x86_64-linux-gnu/crt1.o(.debug_info): réadressage 16 a un index de symbole 13 invalide
/usr/bin/ld: /usr/lib/debug/usr/lib/x86_64-linux-gnu/crt1.o(.debug_info): réadressage 17 a un index de symbole 13 invalide
/usr/bin/ld: /usr/lib/debug/usr/lib/x86_64-linux-gnu/crt1.o(.debug_info): réadressage 18 a un index de symbole 13 invalide
/usr/bin/ld: /usr/lib/debug/usr/lib/x86_64-linux-gnu/crt1.o(.debug_info): réadressage 19 a un index de symbole 21 invalide
/usr/bin/ld: /usr/lib/debug/usr/lib/x86_64-linux-gnu/crt1.o(.debug_line): réadressage 0 a un index de symbole 2 invalide
/usr/lib/gcc/x86_64-linux-gnu/4.8/../../../x86_64-linux-gnu/crt1.o: dans la fonction « _start »:
(.text+0x20): référence indéfinie vers « main »
collect2: error: ld returned 1 exit status
make[1]: *** [cmTryCompileExec4048881853] Erreur 1
make[1]: quittant le répertoire « /divers/AndroidStudio/workspace/GpsFictionProjects/osrm-backend-release/CMakeFiles/CMakeTmp »
make: *** [cmTryCompileExec4048881853/fast] Erreur 2

Source file was:

Performing C++ SOURCE FILE Test HAS_COLOR_FLAG failed with the following output:
Change Dir: /divers/AndroidStudio/workspace/GpsFictionProjects/osrm-backend-release/CMakeFiles/CMakeTmp

Run Build Command:"/usr/bin/make" "cmTryCompileExec1492335822/fast"
/usr/bin/make -f CMakeFiles/cmTryCompileExec1492335822.dir/build.make CMakeFiles/cmTryCompileExec1492335822.dir/build
make[1]: Entering directory `/divers/AndroidStudio/workspace/GpsFictionProjects/osrm-backend-release/CMakeFiles/CMakeTmp'
/usr/bin/cmake -E cmake_progress_report /divers/AndroidStudio/workspace/GpsFictionProjects/osrm-backend-release/CMakeFiles/CMakeTmp/CMakeFiles 1
Building CXX object CMakeFiles/cmTryCompileExec1492335822.dir/src.cxx.o
/usr/bin/c++    -DHAS_COLOR_FLAG   -fdiagnostics-color=auto -o CMakeFiles/cmTryCompileExec1492335822.dir/src.cxx.o -c /divers/AndroidStudio/workspace/GpsFictionProjects/osrm-backend-release/CMakeFiles/CMakeTmp/src.cxx
c++: error: unrecognized command line option '-fdiagnostics-color=auto'
make[1]: *** [CMakeFiles/cmTryCompileExec1492335822.dir/src.cxx.o] Error 1
make[1]: Leaving directory `/divers/AndroidStudio/workspace/GpsFictionProjects/osrm-backend-release/CMakeFiles/CMakeTmp'
make: *** [cmTryCompileExec1492335822/fast] Error 2

Source file was:
int main() { return 0; }
Determining if the pthread_create exist failed with the following output:
Change Dir: /divers/AndroidStudio/workspace/GpsFictionProjects/osrm-backend-release/CMakeFiles/CMakeTmp

Run Build Command:"/usr/bin/make" "cmTryCompileExec2822758095/fast"
/usr/bin/make -f CMakeFiles/cmTryCompileExec2822758095.dir/build.make CMakeFiles/cmTryCompileExec2822758095.dir/build
make[1]: entrant dans le répertoire « /divers/AndroidStudio/workspace/GpsFictionProjects/osrm-backend-release/CMakeFiles/CMakeTmp »
/usr/bin/cmake -E cmake_progress_report /divers/AndroidStudio/workspace/GpsFictionProjects/osrm-backend-release/CMakeFiles/CMakeTmp/CMakeFiles 1
Building C object CMakeFiles/cmTryCompileExec2822758095.dir/CheckSymbolExists.c.o
/usr/bin/cc    -o CMakeFiles/cmTryCompileExec2822758095.dir/CheckSymbolExists.c.o   -c /divers/AndroidStudio/workspace/GpsFictionProjects/osrm-backend-release/CMakeFiles/CMakeTmp/CheckSymbolExists.c
Linking C executable cmTryCompileExec2822758095
/usr/bin/cmake -E cmake_link_script CMakeFiles/cmTryCompileExec2822758095.dir/link.txt --verbose=1
/usr/bin/cc       CMakeFiles/cmTryCompileExec2822758095.dir/CheckSymbolExists.c.o  -o cmTryCompileExec2822758095 -rdynamic 
CMakeFiles/cmTryCompileExec2822758095.dir/CheckSymbolExists.c.o: dans la fonction « main »:
CheckSymbolExists.c:(.text+0x16): référence indéfinie vers « pthread_create »
collect2: error: ld returned 1 exit status
make[1]: quittant le répertoire « /divers/AndroidStudio/workspace/GpsFictionProjects/osrm-backend-release/CMakeFiles/CMakeTmp »
make[1]: *** [cmTryCompileExec2822758095] Erreur 1
make: *** [cmTryCompileExec2822758095/fast] Erreur 2

File /divers/AndroidStudio/workspace/GpsFictionProjects/osrm-backend-release/CMakeFiles/CMakeTmp/CheckSymbolExists.c:
/* */
#include <pthread.h>

int main(int argc, char** argv)
{
  (void)argv;
#ifndef pthread_create
  return ((int*)(&pthread_create))[argc];
#else
  (void)argc;
  return 0;
#endif
}

Determining if the function pthread_create exists in the pthreads failed with the following output:
Change Dir: /divers/AndroidStudio/workspace/GpsFictionProjects/osrm-backend-release/CMakeFiles/CMakeTmp

Run Build Command:"/usr/bin/make" "cmTryCompileExec1121843969/fast"
/usr/bin/make -f CMakeFiles/cmTryCompileExec1121843969.dir/build.make CMakeFiles/cmTryCompileExec1121843969.dir/build
make[1]: entrant dans le répertoire « /divers/AndroidStudio/workspace/GpsFictionProjects/osrm-backend-release/CMakeFiles/CMakeTmp »
/usr/bin/cmake -E cmake_progress_report /divers/AndroidStudio/workspace/GpsFictionProjects/osrm-backend-release/CMakeFiles/CMakeTmp/CMakeFiles 1
Building C object CMakeFiles/cmTryCompileExec1121843969.dir/CheckFunctionExists.c.o
/usr/bin/cc   -DCHECK_FUNCTION_EXISTS=pthread_create   -o CMakeFiles/cmTryCompileExec1121843969.dir/CheckFunctionExists.c.o   -c /usr/share/cmake-3.2/Modules/CheckFunctionExists.c
Linking C executable cmTryCompileExec1121843969
/usr/bin/cmake -E cmake_link_script CMakeFiles/cmTryCompileExec1121843969.dir/link.txt --verbose=1
/usr/bin/cc   -DCHECK_FUNCTION_EXISTS=pthread_create    CMakeFiles/cmTryCompileExec1121843969.dir/CheckFunctionExists.c.o  -o cmTryCompileExec1121843969 -rdynamic -lpthreads 
/usr/bin/ld: ne peut trouver -lpthreads
collect2: error: ld returned 1 exit status
make[1]: quittant le répertoire « /divers/AndroidStudio/workspace/GpsFictionProjects/osrm-backend-release/CMakeFiles/CMakeTmp »
make[1]: *** [cmTryCompileExec1121843969] Erreur 1
make: *** [cmTryCompileExec1121843969/fast] Erreur 2


